Terminales no usados en la gramática

    literalTK
    comentarioTK


Estado 89 conflictos: 1 desplazamiento/reducción
Estado 128 conflictos: 1 reducción/reducción
Estado 179 conflictos: 1 reducción/reducción


Gramática

    0 $accept: desc_algoritmo $end

    1 desc_algoritmo: algoritmoTK identificadorTK puntoYComaTK cabecera_alg bloque_alg finAlgoritmoTK puntoTK

    2 cabecera_alg: decl_globales decl_a_f decl_ent_sal precondicionTK

    3 bloque_alg: bloque postCondicionTK

    4 decl_globales: declaracion_tipo decl_globales
    5              | declaracion_const decl_globales
    6              | ε

    7 decl_a_f: accion_d decl_a_f
    8         | funcion_d decl_a_f
    9         | ε

   10 bloque: declaraciones instrucciones

   11 declaraciones: declaracion_tipo declaraciones
   12              | declaracion_const declaraciones
   13              | declaracion_var declaraciones
   14              | ε

   15 declaracion_tipo: tipoTK lista_d_tipo finTipoTK puntoYComaTK

   16 declaracion_const: constTK lista_d_cte finConstTK puntoYComaTK

   17 declaracion_var: varTK lista_d_var finVarTK puntoYComaTK

   18 lista_d_tipo: identificadorTK signoIgualTK d_tipo puntoYComaTK lista_d_tipo
   19             | ε

   20 d_tipo: tuplaTK lista_campos finTuplaTK
   21       | tablaTK inicioArrayTK expresion_t subrangoTK expresion_t finalArrayTK deTK d_tipo
   22       | identificadorTK
   23       | expresion_t subrangoTK expresion_t
   24       | refTK d_tipo
   25       | enteroTK
   26       | booleanoTK
   27       | realTK
   28       | cadenaTK
   29       | caracterTK

   30 expresion_t: expresion
   31            | literalCaracterTK

   32 lista_campos: identificadorTK definicionTipoVariableTK d_tipo puntoYComaTK lista_campos
   33             | ε

   34 lista_d_cte: nombreConstanteTK signoIgualTK literalCaracterTK puntoYComaTK lista_d_cte
   35            | nombreConstanteTK signoIgualTK literalCadenaTK puntoYComaTK lista_d_cte
   36            | nombreConstanteTK signoIgualTK literalEnteroTK puntoYComaTK lista_d_cte
   37            | nombreConstanteTK signoIgualTK literalRealTK puntoYComaTK lista_d_cte
   38            | nombreConstanteTK signoIgualTK literalBooleanoTK puntoYComaTK lista_d_cte
   39            | ε

   40 lista_d_var: lista_id definicionTipoVariableTK d_tipo puntoYComaTK lista_d_var
   41            | ε

   42 lista_id: identificadorTK separadorTK lista_id
   43         | identificadorTK

   44 decl_ent_sal: decl_ent
   45             | decl_ent decl_sal
   46             | decl_sal

   47 decl_ent: entradaTK lista_d_var

   48 decl_sal: salidaTK lista_d_var

   49 expresion: exp_a
   50          | exp_b
   51          | funcion_ll

   52 exp_a: exp_a operadoresSumaORestaTK exp_a
   53      | exp_a operadoresMultiplicacionODivisionTK exp_a
   54      | parentesisAperturaTK exp_a parentesisCierreTK
   55      | operando
   56      | literalRealTK
   57      | literalEnteroTK
   58      | operadoresSumaORestaTK exp_a

   59 exp_b: exp_b operadoresBooleanosTK exp_b
   60      | noTK exp_b
   61      | operando_b
   62      | literalBooleanoTK
   63      | expresion operadoresComparacionTK expresion
   64      | parentesisAperturaTK exp_b parentesisCierreTK

   65 operando: identificadorTK
   66         | operando puntoTK operando
   67         | operando inicioArrayTK expresion finalArrayTK
   68         | operando refTK

   69 operando_b: identificadorBooleanoTK

   70 instrucciones: instruccion puntoYComaTK instrucciones
   71              | instruccion

   72 instruccion: continuarTK
   73            | asignacion
   74            | alternativa
   75            | iteracion
   76            | accion_ll

   77 asignacion: operando igualAsignacionTK expresion
   78           | operando_b igualAsignacionTK exp_b

   79 alternativa: siTK expresion entoncesTK instrucciones lista_opciones finSiTK

   80 lista_opciones: siNoSiTK expresion entoncesTK instrucciones lista_opciones
   81               | ε

   82 iteracion: it_cota_fija
   83          | it_cota_exp

   84 it_cota_exp: mientrasTK expresion hacerTK instrucciones finMientrasTK

   85 it_cota_fija: paraTK identificadorTK igualAsignacionTK expresion hastaTK expresion hacerTK instrucciones finParaTK

   86 accion_d: accionTK a_cabecera bloque finAccionTK

   87 funcion_d: funcionTK f_cabecera bloque devuelveTK expresion finFuncionTK

   88 a_cabecera: identificadorTK parentesisAperturaTK d_par_form parentesisCierreTK puntoYComaTK

   89 f_cabecera: identificadorTK parentesisAperturaTK lista_d_var parentesisCierreTK devuelveTK d_tipo puntoYComaTK

   90 d_par_form: d_p_form puntoYComaTK d_par_form
   91           | ε

   92 d_p_form: entradaTK lista_id definicionTipoVariableTK d_tipo
   93         | salidaTK lista_id definicionTipoVariableTK d_tipo
   94         | entradaSalidaTK lista_id definicionTipoVariableTK d_tipo

   95 accion_ll: identificadorTK parentesisAperturaTK l_ll parentesisCierreTK

   96 funcion_ll: identificadorTK parentesisAperturaTK l_ll parentesisCierreTK

   97 l_ll: expresion separadorTK l_ll
   98     | expresion


Terminales con las reglas donde aparecen

    $end (0) 0
    error (256)
    cadenaTK (258) 28
    caracterTK (259) 29
    booleanoTK (260) 26
    realTK (261) 27
    enteroTK (262) 25
    accionTK (263) 86
    algoritmoTK (264) 1
    funcionTK (265) 87
    tipoTK (266) 15
    varTK (267) 17
    tuplaTK (268) 20
    constTK (269) 16
    refTK (270) 24 68
    tablaTK (271) 21
    deTK (272) 21
    finAccionTK (273) 86
    finAlgoritmoTK (274) 1
    finFuncionTK (275) 87
    finTipoTK (276) 15
    finVarTK (277) 17
    finTuplaTK (278) 20
    finConstTK (279) 16
    mientrasTK (280) 84
    siTK (281) 79
    paraTK (282) 85
    hacerTK (283) 84 85
    hastaTK (284) 85
    continuarTK (285) 72
    finMientrasTK (286) 84
    finSiTK (287) 79
    finParaTK (288) 85
    entradaTK (289) 47 92
    entradaSalidaTK (290) 94
    salidaTK (291) 48 93
    devuelveTK (292) 87 89
    operadoresMultiplicacionODivisionTK <operador> (293) 53
    noTK (294) 60
    operadoresBooleanosTK <operador> (295) 59
    operadoresSumaORestaTK <operador> (296) 52 58
    parentesisAperturaTK (297) 54 64 88 89 95 96
    parentesisCierreTK (298) 54 64 88 89 95 96
    operadoresComparacionTK <operador> (299) 63
    signoIgualTK (300) 18 34 35 36 37 38
    igualAsignacionTK (301) 77 78 85
    puntoYComaTK (302) 1 15 16 17 18 32 34 35 36 37 38 40 70 88 89 90
    separadorTK (303) 42 97
    subrangoTK (304) 21 23
    definicionTipoVariableTK (305) 32 40 92 93 94
    entoncesTK (306) 79 80
    siNoSiTK (307) 80
    literalTK (308)
    inicioArrayTK (309) 21 67
    finalArrayTK (310) 21 67
    literalBooleanoTK <valor> (311) 38 62
    literalCadenaTK <cadena> (312) 35
    identificadorTK <cadena> (313) 1 18 22 32 42 43 65 85 88 89 95 96
    literalCaracterTK <caracter> (314) 31 34
    literalEnteroTK <entero> (315) 36 57
    precondicionTK <precondicon> (316) 2
    postCondicionTK <postcondicion> (317) 3
    comentarioTK (318)
    literalRealTK <real> (319) 37 56
    nombreConstanteTK <constante> (320) 34 35 36 37 38
    identificadorBooleanoTK <cadena> (321) 69
    puntoTK (322) 1 66
    UPLUSMINUS (323)


No terminales con las reglas donde aparecen

    $accept (69)
        on left: 0
    desc_algoritmo (70)
        on left: 1
        on right: 0
    cabecera_alg (71)
        on left: 2
        on right: 1
    bloque_alg (72)
        on left: 3
        on right: 1
    decl_globales (73)
        on left: 4 5 6
        on right: 2 4 5
    decl_a_f (74)
        on left: 7 8 9
        on right: 2 7 8
    bloque (75)
        on left: 10
        on right: 3 86 87
    declaraciones (76)
        on left: 11 12 13 14
        on right: 10 11 12 13
    declaracion_tipo (77)
        on left: 15
        on right: 4 11
    declaracion_const (78)
        on left: 16
        on right: 5 12
    declaracion_var (79)
        on left: 17
        on right: 13
    lista_d_tipo (80)
        on left: 18 19
        on right: 15 18
    d_tipo <tipo> (81)
        on left: 20 21 22 23 24 25 26 27 28 29
        on right: 18 21 24 32 40 89 92 93 94
    expresion_t (82)
        on left: 30 31
        on right: 21 23
    lista_campos (83)
        on left: 32 33
        on right: 20 32
    lista_d_cte <entero> (84)
        on left: 34 35 36 37 38 39
        on right: 16 34 35 36 37 38
    lista_d_var (85)
        on left: 40 41
        on right: 17 40 47 48 89
    lista_id <paraListaId> (86)
        on left: 42 43
        on right: 40 42 92 93 94
    decl_ent_sal (87)
        on left: 44 45 46
        on right: 2
    decl_ent (88)
        on left: 47
        on right: 44 45
    decl_sal (89)
        on left: 48
        on right: 45 46
    expresion <paraOperando> (90)
        on left: 49 50 51
        on right: 30 63 67 77 79 80 84 85 87 97 98
    exp_a <paraOperando> (91)
        on left: 52 53 54 55 56 57 58
        on right: 49 52 53 54 58
    exp_b (92)
        on left: 59 60 61 62 63 64
        on right: 50 59 60 64 78
    operando <paraOperando> (93)
        on left: 65 66 67 68
        on right: 55 66 67 68 77
    operando_b (94)
        on left: 69
        on right: 61 78
    instrucciones (95)
        on left: 70 71
        on right: 10 70 79 80 84 85
    instruccion (96)
        on left: 72 73 74 75 76
        on right: 70 71
    asignacion (97)
        on left: 77 78
        on right: 73
    alternativa (98)
        on left: 79
        on right: 74
    lista_opciones (99)
        on left: 80 81
        on right: 79 80
    iteracion (100)
        on left: 82 83
        on right: 75
    it_cota_exp (101)
        on left: 84
        on right: 83
    it_cota_fija (102)
        on left: 85
        on right: 82
    accion_d (103)
        on left: 86
        on right: 7
    funcion_d (104)
        on left: 87
        on right: 8
    a_cabecera (105)
        on left: 88
        on right: 86
    f_cabecera (106)
        on left: 89
        on right: 87
    d_par_form (107)
        on left: 90 91
        on right: 88 90
    d_p_form (108)
        on left: 92 93 94
        on right: 90
    accion_ll (109)
        on left: 95
        on right: 76
    funcion_ll (110)
        on left: 96
        on right: 51
    l_ll (111)
        on left: 97 98
        on right: 95 96 97


Estado 0

    0 $accept: • desc_algoritmo $end

    algoritmoTK  desplazar e ir al estado 1

    desc_algoritmo  ir al estado 2


Estado 1

    1 desc_algoritmo: algoritmoTK • identificadorTK puntoYComaTK cabecera_alg bloque_alg finAlgoritmoTK puntoTK

    identificadorTK  desplazar e ir al estado 3


Estado 2

    0 $accept: desc_algoritmo • $end

    $end  desplazar e ir al estado 4


Estado 3

    1 desc_algoritmo: algoritmoTK identificadorTK • puntoYComaTK cabecera_alg bloque_alg finAlgoritmoTK puntoTK

    puntoYComaTK  desplazar e ir al estado 5


Estado 4

    0 $accept: desc_algoritmo $end •

    $default  aceptar


Estado 5

    1 desc_algoritmo: algoritmoTK identificadorTK puntoYComaTK • cabecera_alg bloque_alg finAlgoritmoTK puntoTK

    tipoTK   desplazar e ir al estado 6
    constTK  desplazar e ir al estado 7

    $default  reduce usando la regla 6 (decl_globales)

    cabecera_alg       ir al estado 8
    decl_globales      ir al estado 9
    declaracion_tipo   ir al estado 10
    declaracion_const  ir al estado 11


Estado 6

   15 declaracion_tipo: tipoTK • lista_d_tipo finTipoTK puntoYComaTK

    identificadorTK  desplazar e ir al estado 12

    $default  reduce usando la regla 19 (lista_d_tipo)

    lista_d_tipo  ir al estado 13


Estado 7

   16 declaracion_const: constTK • lista_d_cte finConstTK puntoYComaTK

    nombreConstanteTK  desplazar e ir al estado 14

    $default  reduce usando la regla 39 (lista_d_cte)

    lista_d_cte  ir al estado 15


Estado 8

    1 desc_algoritmo: algoritmoTK identificadorTK puntoYComaTK cabecera_alg • bloque_alg finAlgoritmoTK puntoTK

    tipoTK   desplazar e ir al estado 6
    varTK    desplazar e ir al estado 16
    constTK  desplazar e ir al estado 7

    $default  reduce usando la regla 14 (declaraciones)

    bloque_alg         ir al estado 17
    bloque             ir al estado 18
    declaraciones      ir al estado 19
    declaracion_tipo   ir al estado 20
    declaracion_const  ir al estado 21
    declaracion_var    ir al estado 22


Estado 9

    2 cabecera_alg: decl_globales • decl_a_f decl_ent_sal precondicionTK

    accionTK   desplazar e ir al estado 23
    funcionTK  desplazar e ir al estado 24

    $default  reduce usando la regla 9 (decl_a_f)

    decl_a_f   ir al estado 25
    accion_d   ir al estado 26
    funcion_d  ir al estado 27


Estado 10

    4 decl_globales: declaracion_tipo • decl_globales

    tipoTK   desplazar e ir al estado 6
    constTK  desplazar e ir al estado 7

    $default  reduce usando la regla 6 (decl_globales)

    decl_globales      ir al estado 28
    declaracion_tipo   ir al estado 10
    declaracion_const  ir al estado 11


Estado 11

    5 decl_globales: declaracion_const • decl_globales

    tipoTK   desplazar e ir al estado 6
    constTK  desplazar e ir al estado 7

    $default  reduce usando la regla 6 (decl_globales)

    decl_globales      ir al estado 29
    declaracion_tipo   ir al estado 10
    declaracion_const  ir al estado 11


Estado 12

   18 lista_d_tipo: identificadorTK • signoIgualTK d_tipo puntoYComaTK lista_d_tipo

    signoIgualTK  desplazar e ir al estado 30


Estado 13

   15 declaracion_tipo: tipoTK lista_d_tipo • finTipoTK puntoYComaTK

    finTipoTK  desplazar e ir al estado 31


Estado 14

   34 lista_d_cte: nombreConstanteTK • signoIgualTK literalCaracterTK puntoYComaTK lista_d_cte
   35            | nombreConstanteTK • signoIgualTK literalCadenaTK puntoYComaTK lista_d_cte
   36            | nombreConstanteTK • signoIgualTK literalEnteroTK puntoYComaTK lista_d_cte
   37            | nombreConstanteTK • signoIgualTK literalRealTK puntoYComaTK lista_d_cte
   38            | nombreConstanteTK • signoIgualTK literalBooleanoTK puntoYComaTK lista_d_cte

    signoIgualTK  desplazar e ir al estado 32


Estado 15

   16 declaracion_const: constTK lista_d_cte • finConstTK puntoYComaTK

    finConstTK  desplazar e ir al estado 33


Estado 16

   17 declaracion_var: varTK • lista_d_var finVarTK puntoYComaTK

    identificadorTK  desplazar e ir al estado 34

    $default  reduce usando la regla 41 (lista_d_var)

    lista_d_var  ir al estado 35
    lista_id     ir al estado 36


Estado 17

    1 desc_algoritmo: algoritmoTK identificadorTK puntoYComaTK cabecera_alg bloque_alg • finAlgoritmoTK puntoTK

    finAlgoritmoTK  desplazar e ir al estado 37


Estado 18

    3 bloque_alg: bloque • postCondicionTK

    postCondicionTK  desplazar e ir al estado 38


Estado 19

   10 bloque: declaraciones • instrucciones

    mientrasTK               desplazar e ir al estado 39
    siTK                     desplazar e ir al estado 40
    paraTK                   desplazar e ir al estado 41
    continuarTK              desplazar e ir al estado 42
    identificadorTK          desplazar e ir al estado 43
    identificadorBooleanoTK  desplazar e ir al estado 44

    operando       ir al estado 45
    operando_b     ir al estado 46
    instrucciones  ir al estado 47
    instruccion    ir al estado 48
    asignacion     ir al estado 49
    alternativa    ir al estado 50
    iteracion      ir al estado 51
    it_cota_exp    ir al estado 52
    it_cota_fija   ir al estado 53
    accion_ll      ir al estado 54


Estado 20

   11 declaraciones: declaracion_tipo • declaraciones

    tipoTK   desplazar e ir al estado 6
    varTK    desplazar e ir al estado 16
    constTK  desplazar e ir al estado 7

    $default  reduce usando la regla 14 (declaraciones)

    declaraciones      ir al estado 55
    declaracion_tipo   ir al estado 20
    declaracion_const  ir al estado 21
    declaracion_var    ir al estado 22


Estado 21

   12 declaraciones: declaracion_const • declaraciones

    tipoTK   desplazar e ir al estado 6
    varTK    desplazar e ir al estado 16
    constTK  desplazar e ir al estado 7

    $default  reduce usando la regla 14 (declaraciones)

    declaraciones      ir al estado 56
    declaracion_tipo   ir al estado 20
    declaracion_const  ir al estado 21
    declaracion_var    ir al estado 22


Estado 22

   13 declaraciones: declaracion_var • declaraciones

    tipoTK   desplazar e ir al estado 6
    varTK    desplazar e ir al estado 16
    constTK  desplazar e ir al estado 7

    $default  reduce usando la regla 14 (declaraciones)

    declaraciones      ir al estado 57
    declaracion_tipo   ir al estado 20
    declaracion_const  ir al estado 21
    declaracion_var    ir al estado 22


Estado 23

   86 accion_d: accionTK • a_cabecera bloque finAccionTK

    identificadorTK  desplazar e ir al estado 58

    a_cabecera  ir al estado 59


Estado 24

   87 funcion_d: funcionTK • f_cabecera bloque devuelveTK expresion finFuncionTK

    identificadorTK  desplazar e ir al estado 60

    f_cabecera  ir al estado 61


Estado 25

    2 cabecera_alg: decl_globales decl_a_f • decl_ent_sal precondicionTK

    entradaTK  desplazar e ir al estado 62
    salidaTK   desplazar e ir al estado 63

    decl_ent_sal  ir al estado 64
    decl_ent      ir al estado 65
    decl_sal      ir al estado 66


Estado 26

    7 decl_a_f: accion_d • decl_a_f

    accionTK   desplazar e ir al estado 23
    funcionTK  desplazar e ir al estado 24

    $default  reduce usando la regla 9 (decl_a_f)

    decl_a_f   ir al estado 67
    accion_d   ir al estado 26
    funcion_d  ir al estado 27


Estado 27

    8 decl_a_f: funcion_d • decl_a_f

    accionTK   desplazar e ir al estado 23
    funcionTK  desplazar e ir al estado 24

    $default  reduce usando la regla 9 (decl_a_f)

    decl_a_f   ir al estado 68
    accion_d   ir al estado 26
    funcion_d  ir al estado 27


Estado 28

    4 decl_globales: declaracion_tipo decl_globales •

    $default  reduce usando la regla 4 (decl_globales)


Estado 29

    5 decl_globales: declaracion_const decl_globales •

    $default  reduce usando la regla 5 (decl_globales)


Estado 30

   18 lista_d_tipo: identificadorTK signoIgualTK • d_tipo puntoYComaTK lista_d_tipo

    cadenaTK                 desplazar e ir al estado 69
    caracterTK               desplazar e ir al estado 70
    booleanoTK               desplazar e ir al estado 71
    realTK                   desplazar e ir al estado 72
    enteroTK                 desplazar e ir al estado 73
    tuplaTK                  desplazar e ir al estado 74
    refTK                    desplazar e ir al estado 75
    tablaTK                  desplazar e ir al estado 76
    noTK                     desplazar e ir al estado 77
    operadoresSumaORestaTK   desplazar e ir al estado 78
    parentesisAperturaTK     desplazar e ir al estado 79
    literalBooleanoTK        desplazar e ir al estado 80
    identificadorTK          desplazar e ir al estado 81
    literalCaracterTK        desplazar e ir al estado 82
    literalEnteroTK          desplazar e ir al estado 83
    literalRealTK            desplazar e ir al estado 84
    identificadorBooleanoTK  desplazar e ir al estado 44

    d_tipo       ir al estado 85
    expresion_t  ir al estado 86
    expresion    ir al estado 87
    exp_a        ir al estado 88
    exp_b        ir al estado 89
    operando     ir al estado 90
    operando_b   ir al estado 91
    funcion_ll   ir al estado 92


Estado 31

   15 declaracion_tipo: tipoTK lista_d_tipo finTipoTK • puntoYComaTK

    puntoYComaTK  desplazar e ir al estado 93


Estado 32

   34 lista_d_cte: nombreConstanteTK signoIgualTK • literalCaracterTK puntoYComaTK lista_d_cte
   35            | nombreConstanteTK signoIgualTK • literalCadenaTK puntoYComaTK lista_d_cte
   36            | nombreConstanteTK signoIgualTK • literalEnteroTK puntoYComaTK lista_d_cte
   37            | nombreConstanteTK signoIgualTK • literalRealTK puntoYComaTK lista_d_cte
   38            | nombreConstanteTK signoIgualTK • literalBooleanoTK puntoYComaTK lista_d_cte

    literalBooleanoTK  desplazar e ir al estado 94
    literalCadenaTK    desplazar e ir al estado 95
    literalCaracterTK  desplazar e ir al estado 96
    literalEnteroTK    desplazar e ir al estado 97
    literalRealTK      desplazar e ir al estado 98


Estado 33

   16 declaracion_const: constTK lista_d_cte finConstTK • puntoYComaTK

    puntoYComaTK  desplazar e ir al estado 99


Estado 34

   42 lista_id: identificadorTK • separadorTK lista_id
   43         | identificadorTK •

    separadorTK  desplazar e ir al estado 100

    $default  reduce usando la regla 43 (lista_id)


Estado 35

   17 declaracion_var: varTK lista_d_var • finVarTK puntoYComaTK

    finVarTK  desplazar e ir al estado 101


Estado 36

   40 lista_d_var: lista_id • definicionTipoVariableTK d_tipo puntoYComaTK lista_d_var

    definicionTipoVariableTK  desplazar e ir al estado 102


Estado 37

    1 desc_algoritmo: algoritmoTK identificadorTK puntoYComaTK cabecera_alg bloque_alg finAlgoritmoTK • puntoTK

    puntoTK  desplazar e ir al estado 103


Estado 38

    3 bloque_alg: bloque postCondicionTK •

    $default  reduce usando la regla 3 (bloque_alg)


Estado 39

   84 it_cota_exp: mientrasTK • expresion hacerTK instrucciones finMientrasTK

    noTK                     desplazar e ir al estado 77
    operadoresSumaORestaTK   desplazar e ir al estado 78
    parentesisAperturaTK     desplazar e ir al estado 79
    literalBooleanoTK        desplazar e ir al estado 80
    identificadorTK          desplazar e ir al estado 104
    literalEnteroTK          desplazar e ir al estado 83
    literalRealTK            desplazar e ir al estado 84
    identificadorBooleanoTK  desplazar e ir al estado 44

    expresion   ir al estado 105
    exp_a       ir al estado 88
    exp_b       ir al estado 89
    operando    ir al estado 90
    operando_b  ir al estado 91
    funcion_ll  ir al estado 92


Estado 40

   79 alternativa: siTK • expresion entoncesTK instrucciones lista_opciones finSiTK

    noTK                     desplazar e ir al estado 77
    operadoresSumaORestaTK   desplazar e ir al estado 78
    parentesisAperturaTK     desplazar e ir al estado 79
    literalBooleanoTK        desplazar e ir al estado 80
    identificadorTK          desplazar e ir al estado 104
    literalEnteroTK          desplazar e ir al estado 83
    literalRealTK            desplazar e ir al estado 84
    identificadorBooleanoTK  desplazar e ir al estado 44

    expresion   ir al estado 106
    exp_a       ir al estado 88
    exp_b       ir al estado 89
    operando    ir al estado 90
    operando_b  ir al estado 91
    funcion_ll  ir al estado 92


Estado 41

   85 it_cota_fija: paraTK • identificadorTK igualAsignacionTK expresion hastaTK expresion hacerTK instrucciones finParaTK

    identificadorTK  desplazar e ir al estado 107


Estado 42

   72 instruccion: continuarTK •

    $default  reduce usando la regla 72 (instruccion)


Estado 43

   65 operando: identificadorTK •
   95 accion_ll: identificadorTK • parentesisAperturaTK l_ll parentesisCierreTK

    parentesisAperturaTK  desplazar e ir al estado 108

    $default  reduce usando la regla 65 (operando)


Estado 44

   69 operando_b: identificadorBooleanoTK •

    $default  reduce usando la regla 69 (operando_b)


Estado 45

   66 operando: operando • puntoTK operando
   67         | operando • inicioArrayTK expresion finalArrayTK
   68         | operando • refTK
   77 asignacion: operando • igualAsignacionTK expresion

    refTK              desplazar e ir al estado 109
    igualAsignacionTK  desplazar e ir al estado 110
    inicioArrayTK      desplazar e ir al estado 111
    puntoTK            desplazar e ir al estado 112


Estado 46

   78 asignacion: operando_b • igualAsignacionTK exp_b

    igualAsignacionTK  desplazar e ir al estado 113


Estado 47

   10 bloque: declaraciones instrucciones •

    $default  reduce usando la regla 10 (bloque)


Estado 48

   70 instrucciones: instruccion • puntoYComaTK instrucciones
   71              | instruccion •

    puntoYComaTK  desplazar e ir al estado 114

    $default  reduce usando la regla 71 (instrucciones)


Estado 49

   73 instruccion: asignacion •

    $default  reduce usando la regla 73 (instruccion)


Estado 50

   74 instruccion: alternativa •

    $default  reduce usando la regla 74 (instruccion)


Estado 51

   75 instruccion: iteracion •

    $default  reduce usando la regla 75 (instruccion)


Estado 52

   83 iteracion: it_cota_exp •

    $default  reduce usando la regla 83 (iteracion)


Estado 53

   82 iteracion: it_cota_fija •

    $default  reduce usando la regla 82 (iteracion)


Estado 54

   76 instruccion: accion_ll •

    $default  reduce usando la regla 76 (instruccion)


Estado 55

   11 declaraciones: declaracion_tipo declaraciones •

    $default  reduce usando la regla 11 (declaraciones)


Estado 56

   12 declaraciones: declaracion_const declaraciones •

    $default  reduce usando la regla 12 (declaraciones)


Estado 57

   13 declaraciones: declaracion_var declaraciones •

    $default  reduce usando la regla 13 (declaraciones)


Estado 58

   88 a_cabecera: identificadorTK • parentesisAperturaTK d_par_form parentesisCierreTK puntoYComaTK

    parentesisAperturaTK  desplazar e ir al estado 115


Estado 59

   86 accion_d: accionTK a_cabecera • bloque finAccionTK

    tipoTK   desplazar e ir al estado 6
    varTK    desplazar e ir al estado 16
    constTK  desplazar e ir al estado 7

    $default  reduce usando la regla 14 (declaraciones)

    bloque             ir al estado 116
    declaraciones      ir al estado 19
    declaracion_tipo   ir al estado 20
    declaracion_const  ir al estado 21
    declaracion_var    ir al estado 22


Estado 60

   89 f_cabecera: identificadorTK • parentesisAperturaTK lista_d_var parentesisCierreTK devuelveTK d_tipo puntoYComaTK

    parentesisAperturaTK  desplazar e ir al estado 117


Estado 61

   87 funcion_d: funcionTK f_cabecera • bloque devuelveTK expresion finFuncionTK

    tipoTK   desplazar e ir al estado 6
    varTK    desplazar e ir al estado 16
    constTK  desplazar e ir al estado 7

    $default  reduce usando la regla 14 (declaraciones)

    bloque             ir al estado 118
    declaraciones      ir al estado 19
    declaracion_tipo   ir al estado 20
    declaracion_const  ir al estado 21
    declaracion_var    ir al estado 22


Estado 62

   47 decl_ent: entradaTK • lista_d_var

    identificadorTK  desplazar e ir al estado 34

    $default  reduce usando la regla 41 (lista_d_var)

    lista_d_var  ir al estado 119
    lista_id     ir al estado 36


Estado 63

   48 decl_sal: salidaTK • lista_d_var

    identificadorTK  desplazar e ir al estado 34

    $default  reduce usando la regla 41 (lista_d_var)

    lista_d_var  ir al estado 120
    lista_id     ir al estado 36


Estado 64

    2 cabecera_alg: decl_globales decl_a_f decl_ent_sal • precondicionTK

    precondicionTK  desplazar e ir al estado 121


Estado 65

   44 decl_ent_sal: decl_ent •
   45             | decl_ent • decl_sal

    salidaTK  desplazar e ir al estado 63

    $default  reduce usando la regla 44 (decl_ent_sal)

    decl_sal  ir al estado 122


Estado 66

   46 decl_ent_sal: decl_sal •

    $default  reduce usando la regla 46 (decl_ent_sal)


Estado 67

    7 decl_a_f: accion_d decl_a_f •

    $default  reduce usando la regla 7 (decl_a_f)


Estado 68

    8 decl_a_f: funcion_d decl_a_f •

    $default  reduce usando la regla 8 (decl_a_f)


Estado 69

   28 d_tipo: cadenaTK •

    $default  reduce usando la regla 28 (d_tipo)


Estado 70

   29 d_tipo: caracterTK •

    $default  reduce usando la regla 29 (d_tipo)


Estado 71

   26 d_tipo: booleanoTK •

    $default  reduce usando la regla 26 (d_tipo)


Estado 72

   27 d_tipo: realTK •

    $default  reduce usando la regla 27 (d_tipo)


Estado 73

   25 d_tipo: enteroTK •

    $default  reduce usando la regla 25 (d_tipo)


Estado 74

   20 d_tipo: tuplaTK • lista_campos finTuplaTK

    identificadorTK  desplazar e ir al estado 123

    $default  reduce usando la regla 33 (lista_campos)

    lista_campos  ir al estado 124


Estado 75

   24 d_tipo: refTK • d_tipo

    cadenaTK                 desplazar e ir al estado 69
    caracterTK               desplazar e ir al estado 70
    booleanoTK               desplazar e ir al estado 71
    realTK                   desplazar e ir al estado 72
    enteroTK                 desplazar e ir al estado 73
    tuplaTK                  desplazar e ir al estado 74
    refTK                    desplazar e ir al estado 75
    tablaTK                  desplazar e ir al estado 76
    noTK                     desplazar e ir al estado 77
    operadoresSumaORestaTK   desplazar e ir al estado 78
    parentesisAperturaTK     desplazar e ir al estado 79
    literalBooleanoTK        desplazar e ir al estado 80
    identificadorTK          desplazar e ir al estado 81
    literalCaracterTK        desplazar e ir al estado 82
    literalEnteroTK          desplazar e ir al estado 83
    literalRealTK            desplazar e ir al estado 84
    identificadorBooleanoTK  desplazar e ir al estado 44

    d_tipo       ir al estado 125
    expresion_t  ir al estado 86
    expresion    ir al estado 87
    exp_a        ir al estado 88
    exp_b        ir al estado 89
    operando     ir al estado 90
    operando_b   ir al estado 91
    funcion_ll   ir al estado 92


Estado 76

   21 d_tipo: tablaTK • inicioArrayTK expresion_t subrangoTK expresion_t finalArrayTK deTK d_tipo

    inicioArrayTK  desplazar e ir al estado 126


Estado 77

   60 exp_b: noTK • exp_b

    noTK                     desplazar e ir al estado 77
    operadoresSumaORestaTK   desplazar e ir al estado 78
    parentesisAperturaTK     desplazar e ir al estado 79
    literalBooleanoTK        desplazar e ir al estado 80
    identificadorTK          desplazar e ir al estado 104
    literalEnteroTK          desplazar e ir al estado 83
    literalRealTK            desplazar e ir al estado 84
    identificadorBooleanoTK  desplazar e ir al estado 44

    expresion   ir al estado 127
    exp_a       ir al estado 88
    exp_b       ir al estado 128
    operando    ir al estado 90
    operando_b  ir al estado 91
    funcion_ll  ir al estado 92


Estado 78

   58 exp_a: operadoresSumaORestaTK • exp_a

    operadoresSumaORestaTK  desplazar e ir al estado 78
    parentesisAperturaTK    desplazar e ir al estado 129
    identificadorTK         desplazar e ir al estado 130
    literalEnteroTK         desplazar e ir al estado 83
    literalRealTK           desplazar e ir al estado 84

    exp_a     ir al estado 131
    operando  ir al estado 90


Estado 79

   54 exp_a: parentesisAperturaTK • exp_a parentesisCierreTK
   64 exp_b: parentesisAperturaTK • exp_b parentesisCierreTK

    noTK                     desplazar e ir al estado 77
    operadoresSumaORestaTK   desplazar e ir al estado 78
    parentesisAperturaTK     desplazar e ir al estado 79
    literalBooleanoTK        desplazar e ir al estado 80
    identificadorTK          desplazar e ir al estado 104
    literalEnteroTK          desplazar e ir al estado 83
    literalRealTK            desplazar e ir al estado 84
    identificadorBooleanoTK  desplazar e ir al estado 44

    expresion   ir al estado 127
    exp_a       ir al estado 132
    exp_b       ir al estado 133
    operando    ir al estado 90
    operando_b  ir al estado 91
    funcion_ll  ir al estado 92


Estado 80

   62 exp_b: literalBooleanoTK •

    $default  reduce usando la regla 62 (exp_b)


Estado 81

   22 d_tipo: identificadorTK •
   65 operando: identificadorTK •
   96 funcion_ll: identificadorTK • parentesisAperturaTK l_ll parentesisCierreTK

    parentesisAperturaTK  desplazar e ir al estado 134

    puntoYComaTK  reduce usando la regla 22 (d_tipo)
    $default      reduce usando la regla 65 (operando)


Estado 82

   31 expresion_t: literalCaracterTK •

    $default  reduce usando la regla 31 (expresion_t)


Estado 83

   57 exp_a: literalEnteroTK •

    $default  reduce usando la regla 57 (exp_a)


Estado 84

   56 exp_a: literalRealTK •

    $default  reduce usando la regla 56 (exp_a)


Estado 85

   18 lista_d_tipo: identificadorTK signoIgualTK d_tipo • puntoYComaTK lista_d_tipo

    puntoYComaTK  desplazar e ir al estado 135


Estado 86

   23 d_tipo: expresion_t • subrangoTK expresion_t

    subrangoTK  desplazar e ir al estado 136


Estado 87

   30 expresion_t: expresion •
   63 exp_b: expresion • operadoresComparacionTK expresion

    operadoresComparacionTK  desplazar e ir al estado 137

    $default  reduce usando la regla 30 (expresion_t)


Estado 88

   49 expresion: exp_a •
   52 exp_a: exp_a • operadoresSumaORestaTK exp_a
   53      | exp_a • operadoresMultiplicacionODivisionTK exp_a

    operadoresMultiplicacionODivisionTK  desplazar e ir al estado 138
    operadoresSumaORestaTK               desplazar e ir al estado 139

    $default  reduce usando la regla 49 (expresion)


Estado 89

   50 expresion: exp_b •
   59 exp_b: exp_b • operadoresBooleanosTK exp_b

    operadoresBooleanosTK  desplazar e ir al estado 140

    operadoresBooleanosTK  [reduce usando la regla 50 (expresion)]
    $default               reduce usando la regla 50 (expresion)


Estado 90

   55 exp_a: operando •
   66 operando: operando • puntoTK operando
   67         | operando • inicioArrayTK expresion finalArrayTK
   68         | operando • refTK

    refTK          desplazar e ir al estado 109
    inicioArrayTK  desplazar e ir al estado 111
    puntoTK        desplazar e ir al estado 112

    $default  reduce usando la regla 55 (exp_a)


Estado 91

   61 exp_b: operando_b •

    $default  reduce usando la regla 61 (exp_b)


Estado 92

   51 expresion: funcion_ll •

    $default  reduce usando la regla 51 (expresion)


Estado 93

   15 declaracion_tipo: tipoTK lista_d_tipo finTipoTK puntoYComaTK •

    $default  reduce usando la regla 15 (declaracion_tipo)


Estado 94

   38 lista_d_cte: nombreConstanteTK signoIgualTK literalBooleanoTK • puntoYComaTK lista_d_cte

    puntoYComaTK  desplazar e ir al estado 141


Estado 95

   35 lista_d_cte: nombreConstanteTK signoIgualTK literalCadenaTK • puntoYComaTK lista_d_cte

    puntoYComaTK  desplazar e ir al estado 142


Estado 96

   34 lista_d_cte: nombreConstanteTK signoIgualTK literalCaracterTK • puntoYComaTK lista_d_cte

    puntoYComaTK  desplazar e ir al estado 143


Estado 97

   36 lista_d_cte: nombreConstanteTK signoIgualTK literalEnteroTK • puntoYComaTK lista_d_cte

    puntoYComaTK  desplazar e ir al estado 144


Estado 98

   37 lista_d_cte: nombreConstanteTK signoIgualTK literalRealTK • puntoYComaTK lista_d_cte

    puntoYComaTK  desplazar e ir al estado 145


Estado 99

   16 declaracion_const: constTK lista_d_cte finConstTK puntoYComaTK •

    $default  reduce usando la regla 16 (declaracion_const)


Estado 100

   42 lista_id: identificadorTK separadorTK • lista_id

    identificadorTK  desplazar e ir al estado 34

    lista_id  ir al estado 146


Estado 101

   17 declaracion_var: varTK lista_d_var finVarTK • puntoYComaTK

    puntoYComaTK  desplazar e ir al estado 147


Estado 102

   40 lista_d_var: lista_id definicionTipoVariableTK • d_tipo puntoYComaTK lista_d_var

    cadenaTK                 desplazar e ir al estado 69
    caracterTK               desplazar e ir al estado 70
    booleanoTK               desplazar e ir al estado 71
    realTK                   desplazar e ir al estado 72
    enteroTK                 desplazar e ir al estado 73
    tuplaTK                  desplazar e ir al estado 74
    refTK                    desplazar e ir al estado 75
    tablaTK                  desplazar e ir al estado 76
    noTK                     desplazar e ir al estado 77
    operadoresSumaORestaTK   desplazar e ir al estado 78
    parentesisAperturaTK     desplazar e ir al estado 79
    literalBooleanoTK        desplazar e ir al estado 80
    identificadorTK          desplazar e ir al estado 81
    literalCaracterTK        desplazar e ir al estado 82
    literalEnteroTK          desplazar e ir al estado 83
    literalRealTK            desplazar e ir al estado 84
    identificadorBooleanoTK  desplazar e ir al estado 44

    d_tipo       ir al estado 148
    expresion_t  ir al estado 86
    expresion    ir al estado 87
    exp_a        ir al estado 88
    exp_b        ir al estado 89
    operando     ir al estado 90
    operando_b   ir al estado 91
    funcion_ll   ir al estado 92


Estado 103

    1 desc_algoritmo: algoritmoTK identificadorTK puntoYComaTK cabecera_alg bloque_alg finAlgoritmoTK puntoTK •

    $default  reduce usando la regla 1 (desc_algoritmo)


Estado 104

   65 operando: identificadorTK •
   96 funcion_ll: identificadorTK • parentesisAperturaTK l_ll parentesisCierreTK

    parentesisAperturaTK  desplazar e ir al estado 134

    $default  reduce usando la regla 65 (operando)


Estado 105

   63 exp_b: expresion • operadoresComparacionTK expresion
   84 it_cota_exp: mientrasTK expresion • hacerTK instrucciones finMientrasTK

    hacerTK                  desplazar e ir al estado 149
    operadoresComparacionTK  desplazar e ir al estado 137


Estado 106

   63 exp_b: expresion • operadoresComparacionTK expresion
   79 alternativa: siTK expresion • entoncesTK instrucciones lista_opciones finSiTK

    operadoresComparacionTK  desplazar e ir al estado 137
    entoncesTK               desplazar e ir al estado 150


Estado 107

   85 it_cota_fija: paraTK identificadorTK • igualAsignacionTK expresion hastaTK expresion hacerTK instrucciones finParaTK

    igualAsignacionTK  desplazar e ir al estado 151


Estado 108

   95 accion_ll: identificadorTK parentesisAperturaTK • l_ll parentesisCierreTK

    noTK                     desplazar e ir al estado 77
    operadoresSumaORestaTK   desplazar e ir al estado 78
    parentesisAperturaTK     desplazar e ir al estado 79
    literalBooleanoTK        desplazar e ir al estado 80
    identificadorTK          desplazar e ir al estado 104
    literalEnteroTK          desplazar e ir al estado 83
    literalRealTK            desplazar e ir al estado 84
    identificadorBooleanoTK  desplazar e ir al estado 44

    expresion   ir al estado 152
    exp_a       ir al estado 88
    exp_b       ir al estado 89
    operando    ir al estado 90
    operando_b  ir al estado 91
    funcion_ll  ir al estado 92
    l_ll        ir al estado 153


Estado 109

   68 operando: operando refTK •

    $default  reduce usando la regla 68 (operando)


Estado 110

   77 asignacion: operando igualAsignacionTK • expresion

    noTK                     desplazar e ir al estado 77
    operadoresSumaORestaTK   desplazar e ir al estado 78
    parentesisAperturaTK     desplazar e ir al estado 79
    literalBooleanoTK        desplazar e ir al estado 80
    identificadorTK          desplazar e ir al estado 104
    literalEnteroTK          desplazar e ir al estado 83
    literalRealTK            desplazar e ir al estado 84
    identificadorBooleanoTK  desplazar e ir al estado 44

    expresion   ir al estado 154
    exp_a       ir al estado 88
    exp_b       ir al estado 89
    operando    ir al estado 90
    operando_b  ir al estado 91
    funcion_ll  ir al estado 92


Estado 111

   67 operando: operando inicioArrayTK • expresion finalArrayTK

    noTK                     desplazar e ir al estado 77
    operadoresSumaORestaTK   desplazar e ir al estado 78
    parentesisAperturaTK     desplazar e ir al estado 79
    literalBooleanoTK        desplazar e ir al estado 80
    identificadorTK          desplazar e ir al estado 104
    literalEnteroTK          desplazar e ir al estado 83
    literalRealTK            desplazar e ir al estado 84
    identificadorBooleanoTK  desplazar e ir al estado 44

    expresion   ir al estado 155
    exp_a       ir al estado 88
    exp_b       ir al estado 89
    operando    ir al estado 90
    operando_b  ir al estado 91
    funcion_ll  ir al estado 92


Estado 112

   66 operando: operando puntoTK • operando

    identificadorTK  desplazar e ir al estado 130

    operando  ir al estado 156


Estado 113

   78 asignacion: operando_b igualAsignacionTK • exp_b

    noTK                     desplazar e ir al estado 77
    operadoresSumaORestaTK   desplazar e ir al estado 78
    parentesisAperturaTK     desplazar e ir al estado 79
    literalBooleanoTK        desplazar e ir al estado 80
    identificadorTK          desplazar e ir al estado 104
    literalEnteroTK          desplazar e ir al estado 83
    literalRealTK            desplazar e ir al estado 84
    identificadorBooleanoTK  desplazar e ir al estado 44

    expresion   ir al estado 127
    exp_a       ir al estado 88
    exp_b       ir al estado 157
    operando    ir al estado 90
    operando_b  ir al estado 91
    funcion_ll  ir al estado 92


Estado 114

   70 instrucciones: instruccion puntoYComaTK • instrucciones

    mientrasTK               desplazar e ir al estado 39
    siTK                     desplazar e ir al estado 40
    paraTK                   desplazar e ir al estado 41
    continuarTK              desplazar e ir al estado 42
    identificadorTK          desplazar e ir al estado 43
    identificadorBooleanoTK  desplazar e ir al estado 44

    operando       ir al estado 45
    operando_b     ir al estado 46
    instrucciones  ir al estado 158
    instruccion    ir al estado 48
    asignacion     ir al estado 49
    alternativa    ir al estado 50
    iteracion      ir al estado 51
    it_cota_exp    ir al estado 52
    it_cota_fija   ir al estado 53
    accion_ll      ir al estado 54


Estado 115

   88 a_cabecera: identificadorTK parentesisAperturaTK • d_par_form parentesisCierreTK puntoYComaTK

    entradaTK        desplazar e ir al estado 159
    entradaSalidaTK  desplazar e ir al estado 160
    salidaTK         desplazar e ir al estado 161

    $default  reduce usando la regla 91 (d_par_form)

    d_par_form  ir al estado 162
    d_p_form    ir al estado 163


Estado 116

   86 accion_d: accionTK a_cabecera bloque • finAccionTK

    finAccionTK  desplazar e ir al estado 164


Estado 117

   89 f_cabecera: identificadorTK parentesisAperturaTK • lista_d_var parentesisCierreTK devuelveTK d_tipo puntoYComaTK

    identificadorTK  desplazar e ir al estado 34

    $default  reduce usando la regla 41 (lista_d_var)

    lista_d_var  ir al estado 165
    lista_id     ir al estado 36


Estado 118

   87 funcion_d: funcionTK f_cabecera bloque • devuelveTK expresion finFuncionTK

    devuelveTK  desplazar e ir al estado 166


Estado 119

   47 decl_ent: entradaTK lista_d_var •

    $default  reduce usando la regla 47 (decl_ent)


Estado 120

   48 decl_sal: salidaTK lista_d_var •

    $default  reduce usando la regla 48 (decl_sal)


Estado 121

    2 cabecera_alg: decl_globales decl_a_f decl_ent_sal precondicionTK •

    $default  reduce usando la regla 2 (cabecera_alg)


Estado 122

   45 decl_ent_sal: decl_ent decl_sal •

    $default  reduce usando la regla 45 (decl_ent_sal)


Estado 123

   32 lista_campos: identificadorTK • definicionTipoVariableTK d_tipo puntoYComaTK lista_campos

    definicionTipoVariableTK  desplazar e ir al estado 167


Estado 124

   20 d_tipo: tuplaTK lista_campos • finTuplaTK

    finTuplaTK  desplazar e ir al estado 168


Estado 125

   24 d_tipo: refTK d_tipo •

    $default  reduce usando la regla 24 (d_tipo)


Estado 126

   21 d_tipo: tablaTK inicioArrayTK • expresion_t subrangoTK expresion_t finalArrayTK deTK d_tipo

    noTK                     desplazar e ir al estado 77
    operadoresSumaORestaTK   desplazar e ir al estado 78
    parentesisAperturaTK     desplazar e ir al estado 79
    literalBooleanoTK        desplazar e ir al estado 80
    identificadorTK          desplazar e ir al estado 104
    literalCaracterTK        desplazar e ir al estado 82
    literalEnteroTK          desplazar e ir al estado 83
    literalRealTK            desplazar e ir al estado 84
    identificadorBooleanoTK  desplazar e ir al estado 44

    expresion_t  ir al estado 169
    expresion    ir al estado 87
    exp_a        ir al estado 88
    exp_b        ir al estado 89
    operando     ir al estado 90
    operando_b   ir al estado 91
    funcion_ll   ir al estado 92


Estado 127

   63 exp_b: expresion • operadoresComparacionTK expresion

    operadoresComparacionTK  desplazar e ir al estado 137


Estado 128

   50 expresion: exp_b •
   59 exp_b: exp_b • operadoresBooleanosTK exp_b
   60      | noTK exp_b •

    operadoresComparacionTK  reduce usando la regla 50 (expresion)
    operadoresComparacionTK  [reduce usando la regla 60 (exp_b)]
    $default                 reduce usando la regla 60 (exp_b)


Estado 129

   54 exp_a: parentesisAperturaTK • exp_a parentesisCierreTK

    operadoresSumaORestaTK  desplazar e ir al estado 78
    parentesisAperturaTK    desplazar e ir al estado 129
    identificadorTK         desplazar e ir al estado 130
    literalEnteroTK         desplazar e ir al estado 83
    literalRealTK           desplazar e ir al estado 84

    exp_a     ir al estado 170
    operando  ir al estado 90


Estado 130

   65 operando: identificadorTK •

    $default  reduce usando la regla 65 (operando)


Estado 131

   52 exp_a: exp_a • operadoresSumaORestaTK exp_a
   53      | exp_a • operadoresMultiplicacionODivisionTK exp_a
   58      | operadoresSumaORestaTK exp_a •

    $default  reduce usando la regla 58 (exp_a)


Estado 132

   49 expresion: exp_a •
   52 exp_a: exp_a • operadoresSumaORestaTK exp_a
   53      | exp_a • operadoresMultiplicacionODivisionTK exp_a
   54      | parentesisAperturaTK exp_a • parentesisCierreTK

    operadoresMultiplicacionODivisionTK  desplazar e ir al estado 138
    operadoresSumaORestaTK               desplazar e ir al estado 139
    parentesisCierreTK                   desplazar e ir al estado 171

    $default  reduce usando la regla 49 (expresion)


Estado 133

   50 expresion: exp_b •
   59 exp_b: exp_b • operadoresBooleanosTK exp_b
   64      | parentesisAperturaTK exp_b • parentesisCierreTK

    operadoresBooleanosTK  desplazar e ir al estado 140
    parentesisCierreTK     desplazar e ir al estado 172

    $default  reduce usando la regla 50 (expresion)


Estado 134

   96 funcion_ll: identificadorTK parentesisAperturaTK • l_ll parentesisCierreTK

    noTK                     desplazar e ir al estado 77
    operadoresSumaORestaTK   desplazar e ir al estado 78
    parentesisAperturaTK     desplazar e ir al estado 79
    literalBooleanoTK        desplazar e ir al estado 80
    identificadorTK          desplazar e ir al estado 104
    literalEnteroTK          desplazar e ir al estado 83
    literalRealTK            desplazar e ir al estado 84
    identificadorBooleanoTK  desplazar e ir al estado 44

    expresion   ir al estado 152
    exp_a       ir al estado 88
    exp_b       ir al estado 89
    operando    ir al estado 90
    operando_b  ir al estado 91
    funcion_ll  ir al estado 92
    l_ll        ir al estado 173


Estado 135

   18 lista_d_tipo: identificadorTK signoIgualTK d_tipo puntoYComaTK • lista_d_tipo

    identificadorTK  desplazar e ir al estado 12

    $default  reduce usando la regla 19 (lista_d_tipo)

    lista_d_tipo  ir al estado 174


Estado 136

   23 d_tipo: expresion_t subrangoTK • expresion_t

    noTK                     desplazar e ir al estado 77
    operadoresSumaORestaTK   desplazar e ir al estado 78
    parentesisAperturaTK     desplazar e ir al estado 79
    literalBooleanoTK        desplazar e ir al estado 80
    identificadorTK          desplazar e ir al estado 104
    literalCaracterTK        desplazar e ir al estado 82
    literalEnteroTK          desplazar e ir al estado 83
    literalRealTK            desplazar e ir al estado 84
    identificadorBooleanoTK  desplazar e ir al estado 44

    expresion_t  ir al estado 175
    expresion    ir al estado 87
    exp_a        ir al estado 88
    exp_b        ir al estado 89
    operando     ir al estado 90
    operando_b   ir al estado 91
    funcion_ll   ir al estado 92


Estado 137

   63 exp_b: expresion operadoresComparacionTK • expresion

    noTK                     desplazar e ir al estado 77
    operadoresSumaORestaTK   desplazar e ir al estado 78
    parentesisAperturaTK     desplazar e ir al estado 79
    literalBooleanoTK        desplazar e ir al estado 80
    identificadorTK          desplazar e ir al estado 104
    literalEnteroTK          desplazar e ir al estado 83
    literalRealTK            desplazar e ir al estado 84
    identificadorBooleanoTK  desplazar e ir al estado 44

    expresion   ir al estado 176
    exp_a       ir al estado 88
    exp_b       ir al estado 89
    operando    ir al estado 90
    operando_b  ir al estado 91
    funcion_ll  ir al estado 92


Estado 138

   53 exp_a: exp_a operadoresMultiplicacionODivisionTK • exp_a

    operadoresSumaORestaTK  desplazar e ir al estado 78
    parentesisAperturaTK    desplazar e ir al estado 129
    identificadorTK         desplazar e ir al estado 130
    literalEnteroTK         desplazar e ir al estado 83
    literalRealTK           desplazar e ir al estado 84

    exp_a     ir al estado 177
    operando  ir al estado 90


Estado 139

   52 exp_a: exp_a operadoresSumaORestaTK • exp_a

    operadoresSumaORestaTK  desplazar e ir al estado 78
    parentesisAperturaTK    desplazar e ir al estado 129
    identificadorTK         desplazar e ir al estado 130
    literalEnteroTK         desplazar e ir al estado 83
    literalRealTK           desplazar e ir al estado 84

    exp_a     ir al estado 178
    operando  ir al estado 90


Estado 140

   59 exp_b: exp_b operadoresBooleanosTK • exp_b

    noTK                     desplazar e ir al estado 77
    operadoresSumaORestaTK   desplazar e ir al estado 78
    parentesisAperturaTK     desplazar e ir al estado 79
    literalBooleanoTK        desplazar e ir al estado 80
    identificadorTK          desplazar e ir al estado 104
    literalEnteroTK          desplazar e ir al estado 83
    literalRealTK            desplazar e ir al estado 84
    identificadorBooleanoTK  desplazar e ir al estado 44

    expresion   ir al estado 127
    exp_a       ir al estado 88
    exp_b       ir al estado 179
    operando    ir al estado 90
    operando_b  ir al estado 91
    funcion_ll  ir al estado 92


Estado 141

   38 lista_d_cte: nombreConstanteTK signoIgualTK literalBooleanoTK puntoYComaTK • lista_d_cte

    nombreConstanteTK  desplazar e ir al estado 14

    $default  reduce usando la regla 39 (lista_d_cte)

    lista_d_cte  ir al estado 180


Estado 142

   35 lista_d_cte: nombreConstanteTK signoIgualTK literalCadenaTK puntoYComaTK • lista_d_cte

    nombreConstanteTK  desplazar e ir al estado 14

    $default  reduce usando la regla 39 (lista_d_cte)

    lista_d_cte  ir al estado 181


Estado 143

   34 lista_d_cte: nombreConstanteTK signoIgualTK literalCaracterTK puntoYComaTK • lista_d_cte

    nombreConstanteTK  desplazar e ir al estado 14

    $default  reduce usando la regla 39 (lista_d_cte)

    lista_d_cte  ir al estado 182


Estado 144

   36 lista_d_cte: nombreConstanteTK signoIgualTK literalEnteroTK puntoYComaTK • lista_d_cte

    nombreConstanteTK  desplazar e ir al estado 14

    $default  reduce usando la regla 39 (lista_d_cte)

    lista_d_cte  ir al estado 183


Estado 145

   37 lista_d_cte: nombreConstanteTK signoIgualTK literalRealTK puntoYComaTK • lista_d_cte

    nombreConstanteTK  desplazar e ir al estado 14

    $default  reduce usando la regla 39 (lista_d_cte)

    lista_d_cte  ir al estado 184


Estado 146

   42 lista_id: identificadorTK separadorTK lista_id •

    $default  reduce usando la regla 42 (lista_id)


Estado 147

   17 declaracion_var: varTK lista_d_var finVarTK puntoYComaTK •

    $default  reduce usando la regla 17 (declaracion_var)


Estado 148

   40 lista_d_var: lista_id definicionTipoVariableTK d_tipo • puntoYComaTK lista_d_var

    puntoYComaTK  desplazar e ir al estado 185


Estado 149

   84 it_cota_exp: mientrasTK expresion hacerTK • instrucciones finMientrasTK

    mientrasTK               desplazar e ir al estado 39
    siTK                     desplazar e ir al estado 40
    paraTK                   desplazar e ir al estado 41
    continuarTK              desplazar e ir al estado 42
    identificadorTK          desplazar e ir al estado 43
    identificadorBooleanoTK  desplazar e ir al estado 44

    operando       ir al estado 45
    operando_b     ir al estado 46
    instrucciones  ir al estado 186
    instruccion    ir al estado 48
    asignacion     ir al estado 49
    alternativa    ir al estado 50
    iteracion      ir al estado 51
    it_cota_exp    ir al estado 52
    it_cota_fija   ir al estado 53
    accion_ll      ir al estado 54


Estado 150

   79 alternativa: siTK expresion entoncesTK • instrucciones lista_opciones finSiTK

    mientrasTK               desplazar e ir al estado 39
    siTK                     desplazar e ir al estado 40
    paraTK                   desplazar e ir al estado 41
    continuarTK              desplazar e ir al estado 42
    identificadorTK          desplazar e ir al estado 43
    identificadorBooleanoTK  desplazar e ir al estado 44

    operando       ir al estado 45
    operando_b     ir al estado 46
    instrucciones  ir al estado 187
    instruccion    ir al estado 48
    asignacion     ir al estado 49
    alternativa    ir al estado 50
    iteracion      ir al estado 51
    it_cota_exp    ir al estado 52
    it_cota_fija   ir al estado 53
    accion_ll      ir al estado 54


Estado 151

   85 it_cota_fija: paraTK identificadorTK igualAsignacionTK • expresion hastaTK expresion hacerTK instrucciones finParaTK

    noTK                     desplazar e ir al estado 77
    operadoresSumaORestaTK   desplazar e ir al estado 78
    parentesisAperturaTK     desplazar e ir al estado 79
    literalBooleanoTK        desplazar e ir al estado 80
    identificadorTK          desplazar e ir al estado 104
    literalEnteroTK          desplazar e ir al estado 83
    literalRealTK            desplazar e ir al estado 84
    identificadorBooleanoTK  desplazar e ir al estado 44

    expresion   ir al estado 188
    exp_a       ir al estado 88
    exp_b       ir al estado 89
    operando    ir al estado 90
    operando_b  ir al estado 91
    funcion_ll  ir al estado 92


Estado 152

   63 exp_b: expresion • operadoresComparacionTK expresion
   97 l_ll: expresion • separadorTK l_ll
   98     | expresion •

    operadoresComparacionTK  desplazar e ir al estado 137
    separadorTK              desplazar e ir al estado 189

    $default  reduce usando la regla 98 (l_ll)


Estado 153

   95 accion_ll: identificadorTK parentesisAperturaTK l_ll • parentesisCierreTK

    parentesisCierreTK  desplazar e ir al estado 190


Estado 154

   63 exp_b: expresion • operadoresComparacionTK expresion
   77 asignacion: operando igualAsignacionTK expresion •

    operadoresComparacionTK  desplazar e ir al estado 137

    $default  reduce usando la regla 77 (asignacion)


Estado 155

   63 exp_b: expresion • operadoresComparacionTK expresion
   67 operando: operando inicioArrayTK expresion • finalArrayTK

    operadoresComparacionTK  desplazar e ir al estado 137
    finalArrayTK             desplazar e ir al estado 191


Estado 156

   66 operando: operando • puntoTK operando
   66         | operando puntoTK operando •
   67         | operando • inicioArrayTK expresion finalArrayTK
   68         | operando • refTK

    $default  reduce usando la regla 66 (operando)


Estado 157

   50 expresion: exp_b •
   59 exp_b: exp_b • operadoresBooleanosTK exp_b
   78 asignacion: operando_b igualAsignacionTK exp_b •

    operadoresBooleanosTK  desplazar e ir al estado 140

    operadoresComparacionTK  reduce usando la regla 50 (expresion)
    $default                 reduce usando la regla 78 (asignacion)


Estado 158

   70 instrucciones: instruccion puntoYComaTK instrucciones •

    $default  reduce usando la regla 70 (instrucciones)


Estado 159

   92 d_p_form: entradaTK • lista_id definicionTipoVariableTK d_tipo

    identificadorTK  desplazar e ir al estado 34

    lista_id  ir al estado 192


Estado 160

   94 d_p_form: entradaSalidaTK • lista_id definicionTipoVariableTK d_tipo

    identificadorTK  desplazar e ir al estado 34

    lista_id  ir al estado 193


Estado 161

   93 d_p_form: salidaTK • lista_id definicionTipoVariableTK d_tipo

    identificadorTK  desplazar e ir al estado 34

    lista_id  ir al estado 194


Estado 162

   88 a_cabecera: identificadorTK parentesisAperturaTK d_par_form • parentesisCierreTK puntoYComaTK

    parentesisCierreTK  desplazar e ir al estado 195


Estado 163

   90 d_par_form: d_p_form • puntoYComaTK d_par_form

    puntoYComaTK  desplazar e ir al estado 196


Estado 164

   86 accion_d: accionTK a_cabecera bloque finAccionTK •

    $default  reduce usando la regla 86 (accion_d)


Estado 165

   89 f_cabecera: identificadorTK parentesisAperturaTK lista_d_var • parentesisCierreTK devuelveTK d_tipo puntoYComaTK

    parentesisCierreTK  desplazar e ir al estado 197


Estado 166

   87 funcion_d: funcionTK f_cabecera bloque devuelveTK • expresion finFuncionTK

    noTK                     desplazar e ir al estado 77
    operadoresSumaORestaTK   desplazar e ir al estado 78
    parentesisAperturaTK     desplazar e ir al estado 79
    literalBooleanoTK        desplazar e ir al estado 80
    identificadorTK          desplazar e ir al estado 104
    literalEnteroTK          desplazar e ir al estado 83
    literalRealTK            desplazar e ir al estado 84
    identificadorBooleanoTK  desplazar e ir al estado 44

    expresion   ir al estado 198
    exp_a       ir al estado 88
    exp_b       ir al estado 89
    operando    ir al estado 90
    operando_b  ir al estado 91
    funcion_ll  ir al estado 92


Estado 167

   32 lista_campos: identificadorTK definicionTipoVariableTK • d_tipo puntoYComaTK lista_campos

    cadenaTK                 desplazar e ir al estado 69
    caracterTK               desplazar e ir al estado 70
    booleanoTK               desplazar e ir al estado 71
    realTK                   desplazar e ir al estado 72
    enteroTK                 desplazar e ir al estado 73
    tuplaTK                  desplazar e ir al estado 74
    refTK                    desplazar e ir al estado 75
    tablaTK                  desplazar e ir al estado 76
    noTK                     desplazar e ir al estado 77
    operadoresSumaORestaTK   desplazar e ir al estado 78
    parentesisAperturaTK     desplazar e ir al estado 79
    literalBooleanoTK        desplazar e ir al estado 80
    identificadorTK          desplazar e ir al estado 81
    literalCaracterTK        desplazar e ir al estado 82
    literalEnteroTK          desplazar e ir al estado 83
    literalRealTK            desplazar e ir al estado 84
    identificadorBooleanoTK  desplazar e ir al estado 44

    d_tipo       ir al estado 199
    expresion_t  ir al estado 86
    expresion    ir al estado 87
    exp_a        ir al estado 88
    exp_b        ir al estado 89
    operando     ir al estado 90
    operando_b   ir al estado 91
    funcion_ll   ir al estado 92


Estado 168

   20 d_tipo: tuplaTK lista_campos finTuplaTK •

    $default  reduce usando la regla 20 (d_tipo)


Estado 169

   21 d_tipo: tablaTK inicioArrayTK expresion_t • subrangoTK expresion_t finalArrayTK deTK d_tipo

    subrangoTK  desplazar e ir al estado 200


Estado 170

   52 exp_a: exp_a • operadoresSumaORestaTK exp_a
   53      | exp_a • operadoresMultiplicacionODivisionTK exp_a
   54      | parentesisAperturaTK exp_a • parentesisCierreTK

    operadoresMultiplicacionODivisionTK  desplazar e ir al estado 138
    operadoresSumaORestaTK               desplazar e ir al estado 139
    parentesisCierreTK                   desplazar e ir al estado 171


Estado 171

   54 exp_a: parentesisAperturaTK exp_a parentesisCierreTK •

    $default  reduce usando la regla 54 (exp_a)


Estado 172

   64 exp_b: parentesisAperturaTK exp_b parentesisCierreTK •

    $default  reduce usando la regla 64 (exp_b)


Estado 173

   96 funcion_ll: identificadorTK parentesisAperturaTK l_ll • parentesisCierreTK

    parentesisCierreTK  desplazar e ir al estado 201


Estado 174

   18 lista_d_tipo: identificadorTK signoIgualTK d_tipo puntoYComaTK lista_d_tipo •

    $default  reduce usando la regla 18 (lista_d_tipo)


Estado 175

   23 d_tipo: expresion_t subrangoTK expresion_t •

    $default  reduce usando la regla 23 (d_tipo)


Estado 176

   63 exp_b: expresion • operadoresComparacionTK expresion
   63      | expresion operadoresComparacionTK expresion •

    operadoresComparacionTK  error (no asociativo)

    $default  reduce usando la regla 63 (exp_b)


Estado 177

   52 exp_a: exp_a • operadoresSumaORestaTK exp_a
   53      | exp_a • operadoresMultiplicacionODivisionTK exp_a
   53      | exp_a operadoresMultiplicacionODivisionTK exp_a •

    $default  reduce usando la regla 53 (exp_a)


Estado 178

   52 exp_a: exp_a • operadoresSumaORestaTK exp_a
   52      | exp_a operadoresSumaORestaTK exp_a •
   53      | exp_a • operadoresMultiplicacionODivisionTK exp_a

    operadoresMultiplicacionODivisionTK  desplazar e ir al estado 138

    $default  reduce usando la regla 52 (exp_a)


Estado 179

   50 expresion: exp_b •
   59 exp_b: exp_b • operadoresBooleanosTK exp_b
   59      | exp_b operadoresBooleanosTK exp_b •

    operadoresComparacionTK  reduce usando la regla 50 (expresion)
    operadoresComparacionTK  [reduce usando la regla 59 (exp_b)]
    $default                 reduce usando la regla 59 (exp_b)


Estado 180

   38 lista_d_cte: nombreConstanteTK signoIgualTK literalBooleanoTK puntoYComaTK lista_d_cte •

    $default  reduce usando la regla 38 (lista_d_cte)


Estado 181

   35 lista_d_cte: nombreConstanteTK signoIgualTK literalCadenaTK puntoYComaTK lista_d_cte •

    $default  reduce usando la regla 35 (lista_d_cte)


Estado 182

   34 lista_d_cte: nombreConstanteTK signoIgualTK literalCaracterTK puntoYComaTK lista_d_cte •

    $default  reduce usando la regla 34 (lista_d_cte)


Estado 183

   36 lista_d_cte: nombreConstanteTK signoIgualTK literalEnteroTK puntoYComaTK lista_d_cte •

    $default  reduce usando la regla 36 (lista_d_cte)


Estado 184

   37 lista_d_cte: nombreConstanteTK signoIgualTK literalRealTK puntoYComaTK lista_d_cte •

    $default  reduce usando la regla 37 (lista_d_cte)


Estado 185

   40 lista_d_var: lista_id definicionTipoVariableTK d_tipo puntoYComaTK • lista_d_var

    identificadorTK  desplazar e ir al estado 34

    $default  reduce usando la regla 41 (lista_d_var)

    lista_d_var  ir al estado 202
    lista_id     ir al estado 36


Estado 186

   84 it_cota_exp: mientrasTK expresion hacerTK instrucciones • finMientrasTK

    finMientrasTK  desplazar e ir al estado 203


Estado 187

   79 alternativa: siTK expresion entoncesTK instrucciones • lista_opciones finSiTK

    siNoSiTK  desplazar e ir al estado 204

    $default  reduce usando la regla 81 (lista_opciones)

    lista_opciones  ir al estado 205


Estado 188

   63 exp_b: expresion • operadoresComparacionTK expresion
   85 it_cota_fija: paraTK identificadorTK igualAsignacionTK expresion • hastaTK expresion hacerTK instrucciones finParaTK

    hastaTK                  desplazar e ir al estado 206
    operadoresComparacionTK  desplazar e ir al estado 137


Estado 189

   97 l_ll: expresion separadorTK • l_ll

    noTK                     desplazar e ir al estado 77
    operadoresSumaORestaTK   desplazar e ir al estado 78
    parentesisAperturaTK     desplazar e ir al estado 79
    literalBooleanoTK        desplazar e ir al estado 80
    identificadorTK          desplazar e ir al estado 104
    literalEnteroTK          desplazar e ir al estado 83
    literalRealTK            desplazar e ir al estado 84
    identificadorBooleanoTK  desplazar e ir al estado 44

    expresion   ir al estado 152
    exp_a       ir al estado 88
    exp_b       ir al estado 89
    operando    ir al estado 90
    operando_b  ir al estado 91
    funcion_ll  ir al estado 92
    l_ll        ir al estado 207


Estado 190

   95 accion_ll: identificadorTK parentesisAperturaTK l_ll parentesisCierreTK •

    $default  reduce usando la regla 95 (accion_ll)


Estado 191

   67 operando: operando inicioArrayTK expresion finalArrayTK •

    $default  reduce usando la regla 67 (operando)


Estado 192

   92 d_p_form: entradaTK lista_id • definicionTipoVariableTK d_tipo

    definicionTipoVariableTK  desplazar e ir al estado 208


Estado 193

   94 d_p_form: entradaSalidaTK lista_id • definicionTipoVariableTK d_tipo

    definicionTipoVariableTK  desplazar e ir al estado 209


Estado 194

   93 d_p_form: salidaTK lista_id • definicionTipoVariableTK d_tipo

    definicionTipoVariableTK  desplazar e ir al estado 210


Estado 195

   88 a_cabecera: identificadorTK parentesisAperturaTK d_par_form parentesisCierreTK • puntoYComaTK

    puntoYComaTK  desplazar e ir al estado 211


Estado 196

   90 d_par_form: d_p_form puntoYComaTK • d_par_form

    entradaTK        desplazar e ir al estado 159
    entradaSalidaTK  desplazar e ir al estado 160
    salidaTK         desplazar e ir al estado 161

    $default  reduce usando la regla 91 (d_par_form)

    d_par_form  ir al estado 212
    d_p_form    ir al estado 163


Estado 197

   89 f_cabecera: identificadorTK parentesisAperturaTK lista_d_var parentesisCierreTK • devuelveTK d_tipo puntoYComaTK

    devuelveTK  desplazar e ir al estado 213


Estado 198

   63 exp_b: expresion • operadoresComparacionTK expresion
   87 funcion_d: funcionTK f_cabecera bloque devuelveTK expresion • finFuncionTK

    finFuncionTK             desplazar e ir al estado 214
    operadoresComparacionTK  desplazar e ir al estado 137


Estado 199

   32 lista_campos: identificadorTK definicionTipoVariableTK d_tipo • puntoYComaTK lista_campos

    puntoYComaTK  desplazar e ir al estado 215


Estado 200

   21 d_tipo: tablaTK inicioArrayTK expresion_t subrangoTK • expresion_t finalArrayTK deTK d_tipo

    noTK                     desplazar e ir al estado 77
    operadoresSumaORestaTK   desplazar e ir al estado 78
    parentesisAperturaTK     desplazar e ir al estado 79
    literalBooleanoTK        desplazar e ir al estado 80
    identificadorTK          desplazar e ir al estado 104
    literalCaracterTK        desplazar e ir al estado 82
    literalEnteroTK          desplazar e ir al estado 83
    literalRealTK            desplazar e ir al estado 84
    identificadorBooleanoTK  desplazar e ir al estado 44

    expresion_t  ir al estado 216
    expresion    ir al estado 87
    exp_a        ir al estado 88
    exp_b        ir al estado 89
    operando     ir al estado 90
    operando_b   ir al estado 91
    funcion_ll   ir al estado 92


Estado 201

   96 funcion_ll: identificadorTK parentesisAperturaTK l_ll parentesisCierreTK •

    $default  reduce usando la regla 96 (funcion_ll)


Estado 202

   40 lista_d_var: lista_id definicionTipoVariableTK d_tipo puntoYComaTK lista_d_var •

    $default  reduce usando la regla 40 (lista_d_var)


Estado 203

   84 it_cota_exp: mientrasTK expresion hacerTK instrucciones finMientrasTK •

    $default  reduce usando la regla 84 (it_cota_exp)


Estado 204

   80 lista_opciones: siNoSiTK • expresion entoncesTK instrucciones lista_opciones

    noTK                     desplazar e ir al estado 77
    operadoresSumaORestaTK   desplazar e ir al estado 78
    parentesisAperturaTK     desplazar e ir al estado 79
    literalBooleanoTK        desplazar e ir al estado 80
    identificadorTK          desplazar e ir al estado 104
    literalEnteroTK          desplazar e ir al estado 83
    literalRealTK            desplazar e ir al estado 84
    identificadorBooleanoTK  desplazar e ir al estado 44

    expresion   ir al estado 217
    exp_a       ir al estado 88
    exp_b       ir al estado 89
    operando    ir al estado 90
    operando_b  ir al estado 91
    funcion_ll  ir al estado 92


Estado 205

   79 alternativa: siTK expresion entoncesTK instrucciones lista_opciones • finSiTK

    finSiTK  desplazar e ir al estado 218


Estado 206

   85 it_cota_fija: paraTK identificadorTK igualAsignacionTK expresion hastaTK • expresion hacerTK instrucciones finParaTK

    noTK                     desplazar e ir al estado 77
    operadoresSumaORestaTK   desplazar e ir al estado 78
    parentesisAperturaTK     desplazar e ir al estado 79
    literalBooleanoTK        desplazar e ir al estado 80
    identificadorTK          desplazar e ir al estado 104
    literalEnteroTK          desplazar e ir al estado 83
    literalRealTK            desplazar e ir al estado 84
    identificadorBooleanoTK  desplazar e ir al estado 44

    expresion   ir al estado 219
    exp_a       ir al estado 88
    exp_b       ir al estado 89
    operando    ir al estado 90
    operando_b  ir al estado 91
    funcion_ll  ir al estado 92


Estado 207

   97 l_ll: expresion separadorTK l_ll •

    $default  reduce usando la regla 97 (l_ll)


Estado 208

   92 d_p_form: entradaTK lista_id definicionTipoVariableTK • d_tipo

    cadenaTK                 desplazar e ir al estado 69
    caracterTK               desplazar e ir al estado 70
    booleanoTK               desplazar e ir al estado 71
    realTK                   desplazar e ir al estado 72
    enteroTK                 desplazar e ir al estado 73
    tuplaTK                  desplazar e ir al estado 74
    refTK                    desplazar e ir al estado 75
    tablaTK                  desplazar e ir al estado 76
    noTK                     desplazar e ir al estado 77
    operadoresSumaORestaTK   desplazar e ir al estado 78
    parentesisAperturaTK     desplazar e ir al estado 79
    literalBooleanoTK        desplazar e ir al estado 80
    identificadorTK          desplazar e ir al estado 81
    literalCaracterTK        desplazar e ir al estado 82
    literalEnteroTK          desplazar e ir al estado 83
    literalRealTK            desplazar e ir al estado 84
    identificadorBooleanoTK  desplazar e ir al estado 44

    d_tipo       ir al estado 220
    expresion_t  ir al estado 86
    expresion    ir al estado 87
    exp_a        ir al estado 88
    exp_b        ir al estado 89
    operando     ir al estado 90
    operando_b   ir al estado 91
    funcion_ll   ir al estado 92


Estado 209

   94 d_p_form: entradaSalidaTK lista_id definicionTipoVariableTK • d_tipo

    cadenaTK                 desplazar e ir al estado 69
    caracterTK               desplazar e ir al estado 70
    booleanoTK               desplazar e ir al estado 71
    realTK                   desplazar e ir al estado 72
    enteroTK                 desplazar e ir al estado 73
    tuplaTK                  desplazar e ir al estado 74
    refTK                    desplazar e ir al estado 75
    tablaTK                  desplazar e ir al estado 76
    noTK                     desplazar e ir al estado 77
    operadoresSumaORestaTK   desplazar e ir al estado 78
    parentesisAperturaTK     desplazar e ir al estado 79
    literalBooleanoTK        desplazar e ir al estado 80
    identificadorTK          desplazar e ir al estado 81
    literalCaracterTK        desplazar e ir al estado 82
    literalEnteroTK          desplazar e ir al estado 83
    literalRealTK            desplazar e ir al estado 84
    identificadorBooleanoTK  desplazar e ir al estado 44

    d_tipo       ir al estado 221
    expresion_t  ir al estado 86
    expresion    ir al estado 87
    exp_a        ir al estado 88
    exp_b        ir al estado 89
    operando     ir al estado 90
    operando_b   ir al estado 91
    funcion_ll   ir al estado 92


Estado 210

   93 d_p_form: salidaTK lista_id definicionTipoVariableTK • d_tipo

    cadenaTK                 desplazar e ir al estado 69
    caracterTK               desplazar e ir al estado 70
    booleanoTK               desplazar e ir al estado 71
    realTK                   desplazar e ir al estado 72
    enteroTK                 desplazar e ir al estado 73
    tuplaTK                  desplazar e ir al estado 74
    refTK                    desplazar e ir al estado 75
    tablaTK                  desplazar e ir al estado 76
    noTK                     desplazar e ir al estado 77
    operadoresSumaORestaTK   desplazar e ir al estado 78
    parentesisAperturaTK     desplazar e ir al estado 79
    literalBooleanoTK        desplazar e ir al estado 80
    identificadorTK          desplazar e ir al estado 81
    literalCaracterTK        desplazar e ir al estado 82
    literalEnteroTK          desplazar e ir al estado 83
    literalRealTK            desplazar e ir al estado 84
    identificadorBooleanoTK  desplazar e ir al estado 44

    d_tipo       ir al estado 222
    expresion_t  ir al estado 86
    expresion    ir al estado 87
    exp_a        ir al estado 88
    exp_b        ir al estado 89
    operando     ir al estado 90
    operando_b   ir al estado 91
    funcion_ll   ir al estado 92


Estado 211

   88 a_cabecera: identificadorTK parentesisAperturaTK d_par_form parentesisCierreTK puntoYComaTK •

    $default  reduce usando la regla 88 (a_cabecera)


Estado 212

   90 d_par_form: d_p_form puntoYComaTK d_par_form •

    $default  reduce usando la regla 90 (d_par_form)


Estado 213

   89 f_cabecera: identificadorTK parentesisAperturaTK lista_d_var parentesisCierreTK devuelveTK • d_tipo puntoYComaTK

    cadenaTK                 desplazar e ir al estado 69
    caracterTK               desplazar e ir al estado 70
    booleanoTK               desplazar e ir al estado 71
    realTK                   desplazar e ir al estado 72
    enteroTK                 desplazar e ir al estado 73
    tuplaTK                  desplazar e ir al estado 74
    refTK                    desplazar e ir al estado 75
    tablaTK                  desplazar e ir al estado 76
    noTK                     desplazar e ir al estado 77
    operadoresSumaORestaTK   desplazar e ir al estado 78
    parentesisAperturaTK     desplazar e ir al estado 79
    literalBooleanoTK        desplazar e ir al estado 80
    identificadorTK          desplazar e ir al estado 81
    literalCaracterTK        desplazar e ir al estado 82
    literalEnteroTK          desplazar e ir al estado 83
    literalRealTK            desplazar e ir al estado 84
    identificadorBooleanoTK  desplazar e ir al estado 44

    d_tipo       ir al estado 223
    expresion_t  ir al estado 86
    expresion    ir al estado 87
    exp_a        ir al estado 88
    exp_b        ir al estado 89
    operando     ir al estado 90
    operando_b   ir al estado 91
    funcion_ll   ir al estado 92


Estado 214

   87 funcion_d: funcionTK f_cabecera bloque devuelveTK expresion finFuncionTK •

    $default  reduce usando la regla 87 (funcion_d)


Estado 215

   32 lista_campos: identificadorTK definicionTipoVariableTK d_tipo puntoYComaTK • lista_campos

    identificadorTK  desplazar e ir al estado 123

    $default  reduce usando la regla 33 (lista_campos)

    lista_campos  ir al estado 224


Estado 216

   21 d_tipo: tablaTK inicioArrayTK expresion_t subrangoTK expresion_t • finalArrayTK deTK d_tipo

    finalArrayTK  desplazar e ir al estado 225


Estado 217

   63 exp_b: expresion • operadoresComparacionTK expresion
   80 lista_opciones: siNoSiTK expresion • entoncesTK instrucciones lista_opciones

    operadoresComparacionTK  desplazar e ir al estado 137
    entoncesTK               desplazar e ir al estado 226


Estado 218

   79 alternativa: siTK expresion entoncesTK instrucciones lista_opciones finSiTK •

    $default  reduce usando la regla 79 (alternativa)


Estado 219

   63 exp_b: expresion • operadoresComparacionTK expresion
   85 it_cota_fija: paraTK identificadorTK igualAsignacionTK expresion hastaTK expresion • hacerTK instrucciones finParaTK

    hacerTK                  desplazar e ir al estado 227
    operadoresComparacionTK  desplazar e ir al estado 137


Estado 220

   92 d_p_form: entradaTK lista_id definicionTipoVariableTK d_tipo •

    $default  reduce usando la regla 92 (d_p_form)


Estado 221

   94 d_p_form: entradaSalidaTK lista_id definicionTipoVariableTK d_tipo •

    $default  reduce usando la regla 94 (d_p_form)


Estado 222

   93 d_p_form: salidaTK lista_id definicionTipoVariableTK d_tipo •

    $default  reduce usando la regla 93 (d_p_form)


Estado 223

   89 f_cabecera: identificadorTK parentesisAperturaTK lista_d_var parentesisCierreTK devuelveTK d_tipo • puntoYComaTK

    puntoYComaTK  desplazar e ir al estado 228


Estado 224

   32 lista_campos: identificadorTK definicionTipoVariableTK d_tipo puntoYComaTK lista_campos •

    $default  reduce usando la regla 32 (lista_campos)


Estado 225

   21 d_tipo: tablaTK inicioArrayTK expresion_t subrangoTK expresion_t finalArrayTK • deTK d_tipo

    deTK  desplazar e ir al estado 229


Estado 226

   80 lista_opciones: siNoSiTK expresion entoncesTK • instrucciones lista_opciones

    mientrasTK               desplazar e ir al estado 39
    siTK                     desplazar e ir al estado 40
    paraTK                   desplazar e ir al estado 41
    continuarTK              desplazar e ir al estado 42
    identificadorTK          desplazar e ir al estado 43
    identificadorBooleanoTK  desplazar e ir al estado 44

    operando       ir al estado 45
    operando_b     ir al estado 46
    instrucciones  ir al estado 230
    instruccion    ir al estado 48
    asignacion     ir al estado 49
    alternativa    ir al estado 50
    iteracion      ir al estado 51
    it_cota_exp    ir al estado 52
    it_cota_fija   ir al estado 53
    accion_ll      ir al estado 54


Estado 227

   85 it_cota_fija: paraTK identificadorTK igualAsignacionTK expresion hastaTK expresion hacerTK • instrucciones finParaTK

    mientrasTK               desplazar e ir al estado 39
    siTK                     desplazar e ir al estado 40
    paraTK                   desplazar e ir al estado 41
    continuarTK              desplazar e ir al estado 42
    identificadorTK          desplazar e ir al estado 43
    identificadorBooleanoTK  desplazar e ir al estado 44

    operando       ir al estado 45
    operando_b     ir al estado 46
    instrucciones  ir al estado 231
    instruccion    ir al estado 48
    asignacion     ir al estado 49
    alternativa    ir al estado 50
    iteracion      ir al estado 51
    it_cota_exp    ir al estado 52
    it_cota_fija   ir al estado 53
    accion_ll      ir al estado 54


Estado 228

   89 f_cabecera: identificadorTK parentesisAperturaTK lista_d_var parentesisCierreTK devuelveTK d_tipo puntoYComaTK •

    $default  reduce usando la regla 89 (f_cabecera)


Estado 229

   21 d_tipo: tablaTK inicioArrayTK expresion_t subrangoTK expresion_t finalArrayTK deTK • d_tipo

    cadenaTK                 desplazar e ir al estado 69
    caracterTK               desplazar e ir al estado 70
    booleanoTK               desplazar e ir al estado 71
    realTK                   desplazar e ir al estado 72
    enteroTK                 desplazar e ir al estado 73
    tuplaTK                  desplazar e ir al estado 74
    refTK                    desplazar e ir al estado 75
    tablaTK                  desplazar e ir al estado 76
    noTK                     desplazar e ir al estado 77
    operadoresSumaORestaTK   desplazar e ir al estado 78
    parentesisAperturaTK     desplazar e ir al estado 79
    literalBooleanoTK        desplazar e ir al estado 80
    identificadorTK          desplazar e ir al estado 81
    literalCaracterTK        desplazar e ir al estado 82
    literalEnteroTK          desplazar e ir al estado 83
    literalRealTK            desplazar e ir al estado 84
    identificadorBooleanoTK  desplazar e ir al estado 44

    d_tipo       ir al estado 232
    expresion_t  ir al estado 86
    expresion    ir al estado 87
    exp_a        ir al estado 88
    exp_b        ir al estado 89
    operando     ir al estado 90
    operando_b   ir al estado 91
    funcion_ll   ir al estado 92


Estado 230

   80 lista_opciones: siNoSiTK expresion entoncesTK instrucciones • lista_opciones

    siNoSiTK  desplazar e ir al estado 204

    $default  reduce usando la regla 81 (lista_opciones)

    lista_opciones  ir al estado 233


Estado 231

   85 it_cota_fija: paraTK identificadorTK igualAsignacionTK expresion hastaTK expresion hacerTK instrucciones • finParaTK

    finParaTK  desplazar e ir al estado 234


Estado 232

   21 d_tipo: tablaTK inicioArrayTK expresion_t subrangoTK expresion_t finalArrayTK deTK d_tipo •

    $default  reduce usando la regla 21 (d_tipo)


Estado 233

   80 lista_opciones: siNoSiTK expresion entoncesTK instrucciones lista_opciones •

    $default  reduce usando la regla 80 (lista_opciones)


Estado 234

   85 it_cota_fija: paraTK identificadorTK igualAsignacionTK expresion hastaTK expresion hacerTK instrucciones finParaTK •

    $default  reduce usando la regla 85 (it_cota_fija)
